Method/Generate/Accessor.pm
List/Util.pm
Pod/Simple.pm
Rent/PIQT/Util.pm
Symbol.pm
mro.pm
Scalar/Util.pm
Pod/Simple/LinkSection.pm
File/Spec.pm
Params/Util.pm
Class/Load.pm
Rent/PIQT/REPL.pm
Moo.pm
Moo/Role.pm
warnings/register.pm
Encode/Alias.pm
Encode/Config.pm
Pod/Text.pm
Encode/Encoding.pm
strictures.pm
Moo/Object.pm
bytes.pm
Module/Runtime.pm
Exporter/Heavy.pm
File/Spec/Unix.pm
vars.pm
Class/XSAccessor/Heavy.pm
AutoLoader.pm
Data/Dumper.pm
Sub/Install.pm
IO/Handle.pm
Getopt/Long.pm
SelectSaver.pm
Method/Generate/Constructor.pm
Moo/sification.pm
String/Escape.pm
Moo/_mro.pm
Sub/Name.pm
Class/XSAccessor.pm
Pod/Escapes.pm
Pod/Simple/BlackBox.pm
Data/OptList.pm
Moo/_Utils.pm
Module/Implementation.pm
Class/Load/XS.pm
Pod/Usage.pm
Time/HiRes.pm
Pod/InputObjects.pm
Sub/Quote.pm
Pod/Select.pm
base.pm
Encode.pm
Config.pm
integer.pm
IO.pm
Carp.pm
Pod/Parser.pm
constant.pm
Try/Tiny.pm
Sub/Defer.pm
overload.pm
DynaLoader.pm
Text/Table.pm
Term/ANSIColor.pm
Text/Reflow.pm
Text/Aligner.pm
